#
# There is insufficient memory for the Java Runtime Environment to continue.
# Native memory allocation (malloc) failed to allocate 819936 bytes for Chunk::new
# Possible reasons:
#   The system is out of physical RAM or swap space
#   In 32 bit mode, the process size limit was hit
# Possible solutions:
#   Reduce memory load on the system
#   Increase physical memory or swap space
#   Check if swap backing store is full
#   Use 64 bit Java on a 64 bit OS
#   Decrease Java heap size (-Xmx/-Xms)
#   Decrease number of Java threads
#   Decrease Java thread stack sizes (-Xss)
#   Set larger code cache with -XX:ReservedCodeCacheSize=
# This output file may be truncated or incomplete.
#
#  Out of Memory Error (allocation.cpp:390), pid=6936, tid=0x0000000000000688
#
# JRE version: Java(TM) SE Runtime Environment (8.0_101-b13) (build 1.8.0_101-b13)
# Java VM: Java HotSpot(TM) 64-Bit Server VM (25.101-b13 mixed mode windows-amd64 compressed oops)
# Failed to write core dump. Minidumps are not enabled by default on client versions of Windows
#

---------------  T H R E A D  ---------------

Current thread (0x000000001471a800):  JavaThread "C2 CompilerThread0" daemon [_thread_in_native, id=1672, stack(0x0000000015750000,0x0000000015850000)]

Stack: [0x0000000015750000,0x0000000015850000]
[error occurred during error reporting (printing stack bounds), id 0xc0000005]

Native frames: (J=compiled Java code, j=interpreted, Vv=VM code, C=native code)


Current CompileTask:
C2:  10367 1969   !   4       com.android.dx.cf.cst.ConstantPoolParser::parse0 (731 bytes)


---------------  P R O C E S S  ---------------

Java Threads: ( => current thread )
  0x0000000015d9a000 JavaThread "pool-1-thread-1" [_thread_in_native, id=5780, stack(0x0000000015f50000,0x0000000016050000)]
  0x0000000014779000 JavaThread "Service Thread" daemon [_thread_blocked, id=7104, stack(0x0000000015950000,0x0000000015a50000)]
  0x0000000014773000 JavaThread "C1 CompilerThread1" daemon [_thread_blocked, id=4236, stack(0x0000000015850000,0x0000000015950000)]
=>0x000000001471a800 JavaThread "C2 CompilerThread0" daemon [_thread_in_native, id=1672, stack(0x0000000015750000,0x0000000015850000)]
  0x0000000014719800 JavaThread "Attach Listener" daemon [_thread_blocked, id=6408, stack(0x0000000015650000,0x0000000015750000)]
  0x0000000014716000 JavaThread "Signal Dispatcher" daemon [_thread_blocked, id=6756, stack(0x0000000015550000,0x0000000015650000)]
  0x0000000002285800 JavaThread "Finalizer" daemon [_thread_blocked, id=7052, stack(0x0000000015350000,0x0000000015450000)]
  0x000000000227c000 JavaThread "Reference Handler" daemon [_thread_blocked, id=6256, stack(0x0000000015250000,0x0000000015350000)]
  0x0000000002190800 JavaThread "main" [_thread_blocked, id=4632, stack(0x0000000001fc0000,0x00000000020c0000)]

Other Threads:
  0x00000000146e6000 VMThread [stack: 0x0000000015150000,0x0000000015250000] [id=5072]
  0x0000000014788800 WatcherThread [stack: 0x0000000015a50000,0x0000000015b50000] [id=3504]

VM state:not at safepoint (normal execution)

VM Mutex/Monitor currently owned by a thread: None

Heap:
 PSYoungGen      total 101376K, used 88799K [0x00000000eab00000, 0x00000000f8100000, 0x0000000100000000)
  eden space 89088K, 85% used [0x00000000eab00000,0x00000000ef5b8f30,0x00000000f0200000)
  from space 12288K, 99% used [0x00000000f0200000,0x00000000f0dff098,0x00000000f0e00000)
  to   space 20480K, 0% used [0x00000000f6d00000,0x00000000f6d00000,0x00000000f8100000)
 ParOldGen       total 60416K, used 29868K [0x00000000c0000000, 0x00000000c3b00000, 0x00000000eab00000)
  object space 60416K, 49% used [0x00000000c0000000,0x00000000c1d2b050,0x00000000c3b00000)
 Metaspace       used 6557K, capacity 7256K, committed 7424K, reserved 1056768K
  class space    used 627K, capacity 656K, committed 768K, reserved 1048576K

Card table byte_map: [0x0000000011650000,0x0000000011860000] byte_map_base: 0x0000000011050000

Marking Bits: (ParMarkBitMap*) 0x000000006ce7a6d0
 Begin Bits: [0x0000000011bc0000, 0x0000000012bc0000)
 End Bits:   [0x0000000012bc0000, 0x0000000013bc0000)

Polling page: 0x0000000000750000

CodeCache: size=245760Kb used=8430Kb max_used=8442Kb free=237329Kb
 bounds [0x0000000002290000, 0x0000000002ae0000, 0x0000000011290000]
 total_blobs=2278 nmethods=2009 adapters=182
 compilation: enabled

Compilation events (10 events):
Event: 9.114 Thread 0x000000001471a800 nmethod 1898 0x0000000002ab38d0 code [0x0000000002ab3a20, 0x0000000002ab3bd8]
Event: 9.114 Thread 0x000000001471a800 1881       4       com.android.dx.ssa.NormalSsaInsn::toRopInsn (19 bytes)
Event: 9.115 Thread 0x000000001471a800 nmethod 1881 0x0000000002aa9850 code [0x0000000002aa99a0, 0x0000000002aa9a38]
Event: 9.115 Thread 0x000000001471a800 1895       4       com.android.dx.rop.code.ThrowingCstInsn::accept (8 bytes)
Event: 9.115 Thread 0x000000001471a800 nmethod 1895 0x0000000002aa1b90 code [0x0000000002aa1cc0, 0x0000000002aa1d38]
Event: 9.115 Thread 0x000000001471a800 1886       4       com.android.dx.rop.code.Insn::hashCode (5 bytes)
Event: 9.116 Thread 0x000000001471a800 nmethod 1886 0x000000000294bb10 code [0x000000000294bc60, 0x000000000294bd08]
Event: 9.116 Thread 0x000000001471a800 1917       4       com.android.dx.rop.cst.CstFieldRef::compareTo0 (43 bytes)
Event: 9.119 Thread 0x000000001471a800 nmethod 1917 0x0000000002aa7050 code [0x0000000002aa71c0, 0x0000000002aa7618]
Event: 9.119 Thread 0x000000001471a800 1969   !   4       com.android.dx.cf.cst.ConstantPoolParser::parse0 (731 bytes)

GC Heap History (10 events):
Event: 2.692 GC heap before
{Heap before GC invocations=3 (full 0):
 PSYoungGen      total 26112K, used 26088K [0x00000000eab00000, 0x00000000ede00000, 0x0000000100000000)
  eden space 22528K, 100% used [0x00000000eab00000,0x00000000ec100000,0x00000000ec100000)
  from space 3584K, 99% used [0x00000000ec480000,0x00000000ec7fa068,0x00000000ec800000)
  to   space 3584K, 0% used [0x00000000ec100000,0x00000000ec100000,0x00000000ec480000)
 ParOldGen       total 60416K, used 3571K [0x00000000c0000000, 0x00000000c3b00000, 0x00000000eab00000)
  object space 60416K, 5% used [0x00000000c0000000,0x00000000c037cc18,0x00000000c3b00000)
 Metaspace       used 6241K, capacity 7090K, committed 7296K, reserved 1056768K
  class space    used 602K, capacity 618K, committed 640K, reserved 1048576K
Event: 2.739 GC heap after
Heap after GC invocations=3 (full 0):
 PSYoungGen      total 26112K, used 3577K [0x00000000eab00000, 0x00000000ede00000, 0x0000000100000000)
  eden space 22528K, 0% used [0x00000000eab00000,0x00000000eab00000,0x00000000ec100000)
  from space 3584K, 99% used [0x00000000ec100000,0x00000000ec47e698,0x00000000ec480000)
  to   space 3584K, 0% used [0x00000000eda80000,0x00000000eda80000,0x00000000ede00000)
 ParOldGen       total 60416K, used 7285K [0x00000000c0000000, 0x00000000c3b00000, 0x00000000eab00000)
  object space 60416K, 12% used [0x00000000c0000000,0x00000000c071d5c0,0x00000000c3b00000)
 Metaspace       used 6241K, capacity 7090K, committed 7296K, reserved 1056768K
  class space    used 602K, capacity 618K, committed 640K, reserved 1048576K
}
Event: 3.035 GC heap before
{Heap before GC invocations=4 (full 0):
 PSYoungGen      total 26112K, used 26105K [0x00000000eab00000, 0x00000000ede00000, 0x0000000100000000)
  eden space 22528K, 100% used [0x00000000eab00000,0x00000000ec100000,0x00000000ec100000)
  from space 3584K, 99% used [0x00000000ec100000,0x00000000ec47e698,0x00000000ec480000)
  to   space 3584K, 0% used [0x00000000eda80000,0x00000000eda80000,0x00000000ede00000)
 ParOldGen       total 60416K, used 7285K [0x00000000c0000000, 0x00000000c3b00000, 0x00000000eab00000)
  object space 60416K, 12% used [0x00000000c0000000,0x00000000c071d5c0,0x00000000c3b00000)
 Metaspace       used 6252K, capacity 7090K, committed 7296K, reserved 1056768K
  class space    used 602K, capacity 618K, committed 640K, reserved 1048576K
Event: 3.053 GC heap after
Heap after GC invocations=4 (full 0):
 PSYoungGen      total 48640K, used 3577K [0x00000000eab00000, 0x00000000ede00000, 0x0000000100000000)
  eden space 45056K, 0% used [0x00000000eab00000,0x00000000eab00000,0x00000000ed700000)
  from space 3584K, 99% used [0x00000000eda80000,0x00000000eddfe698,0x00000000ede00000)
  to   space 3584K, 0% used [0x00000000ed700000,0x00000000ed700000,0x00000000eda80000)
 ParOldGen       total 60416K, used 10838K [0x00000000c0000000, 0x00000000c3b00000, 0x00000000eab00000)
  object space 60416K, 17% used [0x00000000c0000000,0x00000000c0a959d0,0x00000000c3b00000)
 Metaspace       used 6252K, capacity 7090K, committed 7296K, reserved 1056768K
  class space    used 602K, capacity 618K, committed 640K, reserved 1048576K
}
Event: 3.747 GC heap before
{Heap before GC invocations=5 (full 0):
 PSYoungGen      total 48640K, used 48633K [0x00000000eab00000, 0x00000000ede00000, 0x0000000100000000)
  eden space 45056K, 100% used [0x00000000eab00000,0x00000000ed700000,0x00000000ed700000)
  from space 3584K, 99% used [0x00000000eda80000,0x00000000eddfe698,0x00000000ede00000)
  to   space 3584K, 0% used [0x00000000ed700000,0x00000000ed700000,0x00000000eda80000)
 ParOldGen       total 60416K, used 10838K [0x00000000c0000000, 0x00000000c3b00000, 0x00000000eab00000)
  object space 60416K, 17% used [0x00000000c0000000,0x00000000c0a959d0,0x00000000c3b00000)
 Metaspace       used 6331K, capacity 7154K, committed 7296K, reserved 1056768K
  class space    used 604K, capacity 618K, committed 640K, reserved 1048576K
Event: 3.788 GC heap after
Heap after GC invocations=5 (full 0):
 PSYoungGen      total 48640K, used 3577K [0x00000000eab00000, 0x00000000f1900000, 0x0000000100000000)
  eden space 45056K, 0% used [0x00000000eab00000,0x00000000eab00000,0x00000000ed700000)
  from space 3584K, 99% used [0x00000000ed700000,0x00000000eda7e698,0x00000000eda80000)
  to   space 11264K, 0% used [0x00000000f0e00000,0x00000000f0e00000,0x00000000f1900000)
 ParOldGen       total 60416K, used 17626K [0x00000000c0000000, 0x00000000c3b00000, 0x00000000eab00000)
  object space 60416K, 29% used [0x00000000c0000000,0x00000000c1136840,0x00000000c3b00000)
 Metaspace       used 6331K, capacity 7154K, committed 7296K, reserved 1056768K
  class space    used 604K, capacity 618K, committed 640K, reserved 1048576K
}
Event: 7.446 GC heap before
{Heap before GC invocations=6 (full 0):
 PSYoungGen      total 48640K, used 48633K [0x00000000eab00000, 0x00000000f1900000, 0x0000000100000000)
  eden space 45056K, 100% used [0x00000000eab00000,0x00000000ed700000,0x00000000ed700000)
  from space 3584K, 99% used [0x00000000ed700000,0x00000000eda7e698,0x00000000eda80000)
  to   space 11264K, 0% used [0x00000000f0e00000,0x00000000f0e00000,0x00000000f1900000)
 ParOldGen       total 60416K, used 17626K [0x00000000c0000000, 0x00000000c3b00000, 0x00000000eab00000)
  object space 60416K, 29% used [0x00000000c0000000,0x00000000c1136840,0x00000000c3b00000)
 Metaspace       used 6508K, capacity 7256K, committed 7424K, reserved 1056768K
  class space    used 625K, capacity 656K, committed 768K, reserved 1048576K
Event: 7.479 GC heap after
Heap after GC invocations=6 (full 0):
 PSYoungGen      total 100352K, used 10621K [0x00000000eab00000, 0x00000000f1b00000, 0x0000000100000000)
  eden space 89088K, 0% used [0x00000000eab00000,0x00000000eab00000,0x00000000f0200000)
  from space 11264K, 94% used [0x00000000f0e00000,0x00000000f185f598,0x00000000f1900000)
  to   space 12288K, 0% used [0x00000000f0200000,0x00000000f0200000,0x00000000f0e00000)
 ParOldGen       total 60416K, used 17626K [0x00000000c0000000, 0x00000000c3b00000, 0x00000000eab00000)
  object space 60416K, 29% used [0x00000000c0000000,0x00000000c1136840,0x00000000c3b00000)
 Metaspace       used 6508K, capacity 7256K, committed 7424K, reserved 1056768K
  class space    used 625K, capacity 656K, committed 768K, reserved 1048576K
}
Event: 8.154 GC heap before
{Heap before GC invocations=7 (full 0):
 PSYoungGen      total 100352K, used 99709K [0x00000000eab00000, 0x00000000f1b00000, 0x0000000100000000)
  eden space 89088K, 100% used [0x00000000eab00000,0x00000000f0200000,0x00000000f0200000)
  from space 11264K, 94% used [0x00000000f0e00000,0x00000000f185f598,0x00000000f1900000)
  to   space 12288K, 0% used [0x00000000f0200000,0x00000000f0200000,0x00000000f0e00000)
 ParOldGen       total 60416K, used 17626K [0x00000000c0000000, 0x00000000c3b00000, 0x00000000eab00000)
  object space 60416K, 29% used [0x00000000c0000000,0x00000000c1136840,0x00000000c3b00000)
 Metaspace       used 6541K, capacity 7256K, committed 7424K, reserved 1056768K
  class space    used 625K, capacity 656K, committed 768K, reserved 1048576K
Event: 8.265 GC heap after
Heap after GC invocations=7 (full 0):
 PSYoungGen      total 101376K, used 12284K [0x00000000eab00000, 0x00000000f8100000, 0x0000000100000000)
  eden space 89088K, 0% used [0x00000000eab00000,0x00000000eab00000,0x00000000f0200000)
  from space 12288K, 99% used [0x00000000f0200000,0x00000000f0dff098,0x00000000f0e00000)
  to   space 20480K, 0% used [0x00000000f6d00000,0x00000000f6d00000,0x00000000f8100000)
 ParOldGen       total 60416K, used 29868K [0x00000000c0000000, 0x00000000c3b00000, 0x00000000eab00000)
  object space 60416K, 49% used [0x00000000c0000000,0x00000000c1d2b050,0x00000000c3b00000)
 Metaspace       used 6541K, capacity 7256K, committed 7424K, reserved 1056768K
  class space    used 625K, capacity 656K, committed 768K, reserved 1048576K
}

Deoptimization events (10 events):
Event: 3.273 Thread 0x0000000015d67000 Uncommon trap: reason=bimorphic action=maybe_recompile pc=0x0000000002925da8 method=com.android.dx.cf.code.BytecodeArray.parseInstruction(ILcom/android/dx/cf/code/BytecodeArray$Visitor;)I @ 1327
Event: 3.273 Thread 0x0000000015d67000 Uncommon trap: reason=bimorphic action=maybe_recompile pc=0x0000000002925da8 method=com.android.dx.cf.code.BytecodeArray.parseInstruction(ILcom/android/dx/cf/code/BytecodeArray$Visitor;)I @ 1327
Event: 3.312 Thread 0x0000000015d67000 Uncommon trap: reason=bimorphic action=maybe_recompile pc=0x0000000002500218 method=java.util.HashMap.getNode(ILjava/lang/Object;)Ljava/util/HashMap$Node; @ 126
Event: 4.049 Thread 0x0000000015d9c000 Uncommon trap: reason=bimorphic action=maybe_recompile pc=0x00000000029a6d04 method=com.android.dx.cf.code.BytecodeArray.parseInstruction(ILcom/android/dx/cf/code/BytecodeArray$Visitor;)I @ 1161
Event: 4.049 Thread 0x0000000015d9c000 Uncommon trap: reason=bimorphic action=maybe_recompile pc=0x00000000029a6d04 method=com.android.dx.cf.code.BytecodeArray.parseInstruction(ILcom/android/dx/cf/code/BytecodeArray$Visitor;)I @ 1161
Event: 4.077 Thread 0x0000000015d9c000 Uncommon trap: reason=unstable_if action=reinterpret pc=0x00000000027555b0 method=com.android.dx.ssa.SCCP.simulateStmt(Lcom/android/dx/ssa/SsaInsn;)V @ 59
Event: 4.402 Thread 0x0000000015d9d000 Uncommon trap: reason=unstable_if action=reinterpret pc=0x00000000025f7ca4 method=java.util.HashMap.putVal(ILjava/lang/Object;Ljava/lang/Object;ZZ)Ljava/lang/Object; @ 162
Event: 7.412 Thread 0x0000000015d9d000 Uncommon trap: reason=unstable_if action=reinterpret pc=0x0000000002500200 method=java.util.HashMap.getNode(ILjava/lang/Object;)Ljava/util/HashMap$Node; @ 84
Event: 7.533 Thread 0x0000000015d9d000 Uncommon trap: reason=uninitialized action=reinterpret pc=0x0000000002a07544 method=com.android.dx.cf.code.BytecodeArray.parseInstruction(ILcom/android/dx/cf/code/BytecodeArray$Visitor;)I @ 1079
Event: 7.561 Thread 0x0000000015d9d000 Uncommon trap: reason=unstable_if action=reinterpret pc=0x00000000025c8d78 method=java.util.HashMap.getNode(ILjava/lang/Object;)Ljava/util/HashMap$Node; @ 84

Internal exceptions (5 events):
Event: 0.044 Thread 0x0000000002190800 Exception <a 'java/lang/NoSuchMethodError': Method sun.misc.Unsafe.defineClass(Ljava/lang/String;[BII)Ljava/lang/Class; name or signature does not match> (0x00000000eab07cc0) thrown at [C:\re\workspace\8-2-build-windows-amd64-cygwin\jdk8u101\7261\hotspot\s√”pÁ	V¶?
Event: 0.044 Thread 0x0000000002190800 Exception <a 'java/lang/NoSuchMethodError': Method sun.misc.Unsafe.prefetchRead(Ljava/lang/Object;J)V name or signature does not match> (0x00000000eab07fa8) thrown at [C:\re\workspace\8-2-build-windows-amd64-cygwin\jdk8u101\7261\hotspot\src\share\vm\prims\Wô+áﬂ@
Event: 5.968 Thread 0x0000000015d9d000 Exception <a 'java/lang/ArrayIndexOutOfBoundsException': 18> (0x00000000ed28e3e0) thrown at [C:\re\workspace\8-2-build-windows-amd64-cygwin\jdk8u101\7261\hotspot\src\share\vm\interpreter\interpreterRuntime.cpp, line 366]
Event: 5.971 Thread 0x0000000015d9d000 Exception <a 'java/lang/ArrayIndexOutOfBoundsException'> (0x00000000ed28ff60) thrown at [C:\re\workspace\8-2-build-windows-amd64-cygwin\jdk8u101\7261\hotspot\src\share\vm\runtime\sharedRuntime.cpp, line 605]
Event: 7.085 Thread 0x0000000015d9d000 Exception <a 'java/lang/ArrayIndexOutOfBoundsException'> (0x00000000ed291248) thrown at [C:\re\workspace\8-2-build-windows-amd64-cygwin\jdk8u101\7261\hotspot\src\share\vm\runtime\sharedRuntime.cpp, line 605]

Events (10 events):
Event: 9.202 loading class java/util/HashMap$KeyIterator done
Event: 9.202 Thread 0x0000000015d67000 Thread exited: 0x0000000015d67000
Event: 9.202 Thread 0x0000000015d9c000 Thread exited: 0x0000000015d9c000
Event: 9.202 Thread 0x0000000015d9b000 Thread exited: 0x0000000015d9b000
Event: 9.202 Thread 0x0000000015d9d000 Thread exited: 0x0000000015d9d000
Event: 9.203 Thread 0x0000000015d9a000 Thread exited: 0x0000000015d9a000
Event: 9.203 loading class com/android/dx/command/dexer/Main$DexWriter
Event: 9.203 loading class com/android/dx/command/dexer/Main$DexWriter done
Event: 9.734 Thread 0x0000000015d9a000 Thread added: 0x0000000015d9a000
Event: 9.758 loading class java/util/TreeMap$KeySet


Dynamic libraries:
0x00007ff645cd0000 - 0x00007ff645d07000 	C:\Program Files\Java\jdk1.8.0_101\bin\java.exe
0x00007ffed9070000 - 0x00007ffed921d000 	C:\Windows\SYSTEM32\ntdll.dll
0x00007ffed6c00000 - 0x00007ffed6d3e000 	C:\Windows\system32\KERNEL32.DLL
0x00007ffed64f0000 - 0x00007ffed6605000 	C:\Windows\system32\KERNELBASE.dll
0x00007ffed4d40000 - 0x00007ffed4dce000 	C:\Windows\system32\apphelp.dll
0x00007ffec0df0000 - 0x00007ffec0e43000 	C:\Windows\AppPatch\AppPatch64\AcGenral.DLL
0x00007ffed6d50000 - 0x00007ffed6dfa000 	C:\Windows\system32\msvcrt.dll
0x00007ffed66c0000 - 0x00007ffed66ee000 	C:\Windows\system32\SspiCli.dll
0x00007ffed7300000 - 0x00007ffed7354000 	C:\Windows\system32\SHLWAPI.dll
0x00007ffed8890000 - 0x00007ffed8a07000 	C:\Windows\system32\USER32.dll
0x00007ffed8cd0000 - 0x00007ffed8e64000 	C:\Windows\system32\ole32.dll
0x00007ffed7360000 - 0x00007ffed8888000 	C:\Windows\system32\SHELL32.dll
0x00007ffed5760000 - 0x00007ffed5781000 	C:\Windows\SYSTEM32\USERENV.dll
0x00007ffed71e0000 - 0x00007ffed728a000 	C:\Windows\system32\ADVAPI32.dll
0x00007ffece870000 - 0x00007ffece88e000 	C:\Windows\SYSTEM32\MPR.dll
0x00007ffed6ec0000 - 0x00007ffed7000000 	C:\Windows\system32\RPCRT4.dll
0x00007ffed8e70000 - 0x00007ffed8ec9000 	C:\Windows\SYSTEM32\sechost.dll
0x00007ffed6820000 - 0x00007ffed6a31000 	C:\Windows\SYSTEM32\combase.dll
0x00007ffed8b60000 - 0x00007ffed8caf000 	C:\Windows\system32\GDI32.dll
0x00007ffed6190000 - 0x00007ffed61a5000 	C:\Windows\SYSTEM32\profapi.dll
0x00007ffed4710000 - 0x00007ffed47c2000 	C:\Windows\SYSTEM32\SHCORE.dll
0x00007ffed8ed0000 - 0x00007ffed8f06000 	C:\Windows\system32\IMM32.DLL
0x00007ffed8f10000 - 0x00007ffed9062000 	C:\Windows\system32\MSCTF.dll
0x00007ffed3600000 - 0x00007ffed387b000 	C:\Windows\WinSxS\amd64_microsoft.windows.common-controls_6595b64144ccf1df_6.0.9600.18006_none_623f33d3ecbe86e8\COMCTL32.dll
0x000000006ac50000 - 0x000000006ad22000 	C:\Program Files\Java\jdk1.8.0_101\jre\bin\msvcr100.dll
0x000000006c660000 - 0x000000006cefa000 	C:\Program Files\Java\jdk1.8.0_101\jre\bin\server\jvm.dll
0x00007ffece4c0000 - 0x00007ffece4c9000 	C:\Windows\SYSTEM32\WSOCK32.dll
0x00007ffed3ef0000 - 0x00007ffed3f12000 	C:\Windows\SYSTEM32\WINMM.dll
0x00007ffed3fb0000 - 0x00007ffed3fba000 	C:\Windows\SYSTEM32\VERSION.dll
0x00007ffed8a70000 - 0x00007ffed8a77000 	C:\Windows\system32\PSAPI.DLL
0x00007ffed66f0000 - 0x00007ffed674a000 	C:\Windows\system32\WS2_32.dll
0x00007ffed3c60000 - 0x00007ffed3c8a000 	C:\Windows\SYSTEM32\WINMMBASE.dll
0x00007ffed6750000 - 0x00007ffed6759000 	C:\Windows\system32\NSI.dll
0x00007ffed64a0000 - 0x00007ffed64ef000 	C:\Windows\SYSTEM32\cfgmgr32.dll
0x00007ffed4fb0000 - 0x00007ffed4fd8000 	C:\Windows\SYSTEM32\DEVOBJ.dll
0x000000006c650000 - 0x000000006c65f000 	C:\Program Files\Java\jdk1.8.0_101\jre\bin\verify.dll
0x000000006c620000 - 0x000000006c649000 	C:\Program Files\Java\jdk1.8.0_101\jre\bin\java.dll
0x000000006c600000 - 0x000000006c616000 	C:\Program Files\Java\jdk1.8.0_101\jre\bin\zip.dll

VM Arguments:
jvm_args: -Djava.awt.headless=true -Xmx1024M -Dfile.encoding=windows-1252 -Duser.country=ES -Duser.language=es -Duser.variant 
java_command: com.android.dx.command.Main --dex --force-jumbo --num-threads=4 --multi-dex --output C:\Users\Andres\AndroidStudioProjects\PF_Amarillas\app\build\intermediates\transforms\dex\debug\folders\1000\10\com.facebook.android-facebook-android-sdk-4.17.0_35f53c2d4badc0485500ebd77ffd1b1404a03d13 C:\Users\Andres\AndroidStudioProjects\PF_Amarillas\app\build\intermediates\exploded-aar\com.facebook.android\facebook-android-sdk\4.17.0\jars\classes.jar
java_class_path (initial): C:\Users\Andres\AppData\Local\Android\sdk\build-tools\24.0.2\lib\dx.jar
Launcher Type: SUN_STANDARD

Environment Variables:
PATH=C:\ProgramData\Oracle\Java\javapath;C:\Windows\system32;C:\Windows;C:\Windows\System32\Wbem;C:\Windows\System32\WindowsPowerShell\v1.0\;C:\Program Files (x86)\Skype\Phone\;C:\Program Files (x86)\Windows Live\Shared;E:\runtime\win64;E:\bin;E:\Git\cmd
USERNAME=Andres
OS=Windows_NT
PROCESSOR_IDENTIFIER=Intel64 Family 6 Model 58 Stepping 9, GenuineIntel



---------------  S Y S T E M  ---------------

OS: Windows 8.1 , 64 bit Build 9600 (6.3.9600.17415)

CPU:total 2 (2 cores per cpu, 1 threads per core) family 6 model 58 stepping 9, cmov, cx8, fxsr, mmx, sse, sse2, sse3, ssse3, sse4.1, sse4.2, popcnt, clmul, erms, tsc, tscinvbit, tscinv

Memory: 4k page, physical 5746156k(66408k free), swap 8891884k(487248k free)

vm_info: Java HotSpot(TM) 64-Bit Server VM (25.101-b13) for windows-amd64 JRE (1.8.0_101-b13), built on Jun 22 2016 01:21:29 by "java_re" with MS VC++ 10.0 (VS2010)

time: Mon Nov 28 22:15:58 2016
elapsed time: 11 seconds (0d 0h 0m 11s)

